<?xml version="1.0" encoding="UTF-8"?>
<robot generator="Robot 3.2.2 (Python 3.10.6 on win32)" generated="20221222 10:00:07.157" rpa="false">
<suite id="s1" name="API Test Automation" source="C:\tools\RED\workspace\API_Test_Automation">
<suite id="s1-s1" name="First API" source="C:\tools\RED\workspace\API_Test_Automation\First_API">
<suite id="s1-s1-s1" name="Test Execution" source="C:\tools\RED\workspace\API_Test_Automation\First_API\01__Test_Execution.robot">
<test id="s1-s1-s1-t1" name="Test API with American name">
<kw name="GET" library="RequestsLibrary">
<doc>Sends a GET request.</doc>
<arguments>
<arg>https://api.nationalize.io/</arg>
<arg>params=name=${name2}</arg>
<arg>expected_status=200</arg>
</arguments>
<assign>
<var>${response}</var>
</assign>
<msg timestamp="20221222 10:00:07.446" level="INFO">GET Request : url=https://api.nationalize.io/?name=Maya 
 path_url=/?name=Maya 
 headers={'User-Agent': 'python-requests/2.28.1', 'Accept-Encoding': 'gzip, deflate', 'Accept': '*/*', 'Connection': 'keep-alive'} 
 body=None 
 </msg>
<msg timestamp="20221222 10:00:07.446" level="INFO">GET Response : url=https://api.nationalize.io/?name=Maya 
 status=200, reason=OK 
 headers={'Server': 'nginx/1.16.1', 'Date': 'Thu, 22 Dec 2022 13:59:01 GMT', 'Content-Type': 'application/json; charset=utf-8', 'Content-Length': '225', 'Connection': 'keep-alive', 'access-control-allow-credentials': 'true', 'access-control-allow-origin': '*', 'access-control-expose-headers': 'x-rate-limit-limit,x-rate-limit-remaining,x-rate-limit-reset', 'cache-control': 'max-age=0, private, must-revalidate', 'x-rate-limit-limit': '1000', 'x-rate-limit-remaining': '975', 'x-rate-limit-reset': '36059', 'x-request-id': 'FzMiP030lGo0BZ4JsYrh'} 
 body={"country":[{"country_id":"IL","probability":0.166},{"country_id":"LB","probability":0.113},{"country_id":"BG","probability":0.06},{"country_id":"DZ","probability":0.055},{"country_id":"ID","probability":0.04}],"name":"Maya"} 
 </msg>
<msg timestamp="20221222 10:00:07.446" level="INFO">${response} = &lt;Response [200]&gt;</msg>
<status status="PASS" starttime="20221222 10:00:07.244" endtime="20221222 10:00:07.446"></status>
</kw>
<kw name="Log" library="BuiltIn">
<doc>Logs the given message with the given level.</doc>
<arguments>
<arg>${response.json()}</arg>
</arguments>
<msg timestamp="20221222 10:00:07.446" level="INFO">{'country': [{'country_id': 'IL', 'probability': 0.166}, {'country_id': 'LB', 'probability': 0.113}, {'country_id': 'BG', 'probability': 0.06}, {'country_id': 'DZ', 'probability': 0.055}, {'country_id': 'ID', 'probability': 0.04}], 'name': 'Maya'}</msg>
<status status="PASS" starttime="20221222 10:00:07.446" endtime="20221222 10:00:07.446"></status>
</kw>
<kw name="Should Be Equal As Strings" library="BuiltIn">
<doc>Fails if objects are unequal after converting them to strings.</doc>
<arguments>
<arg>${response.json()}[name]</arg>
<arg>${name2}</arg>
</arguments>
<status status="PASS" starttime="20221222 10:00:07.446" endtime="20221222 10:00:07.446"></status>
</kw>
<status status="PASS" starttime="20221222 10:00:07.244" endtime="20221222 10:00:07.446" critical="yes"></status>
</test>
<test id="s1-s1-s1-t2" name="Test API with Arabic name">
<kw name="GET" library="RequestsLibrary">
<doc>Sends a GET request.</doc>
<arguments>
<arg>https://api.nationalize.io/</arg>
<arg>params=name=${name1}</arg>
<arg>expected_status=200</arg>
</arguments>
<assign>
<var>${response}</var>
</assign>
<msg timestamp="20221222 10:00:07.647" level="INFO">GET Request : url=https://api.nationalize.io/?name=Abdallah 
 path_url=/?name=Abdallah 
 headers={'User-Agent': 'python-requests/2.28.1', 'Accept-Encoding': 'gzip, deflate', 'Accept': '*/*', 'Connection': 'keep-alive'} 
 body=None 
 </msg>
<msg timestamp="20221222 10:00:07.647" level="INFO">GET Response : url=https://api.nationalize.io/?name=Abdallah 
 status=200, reason=OK 
 headers={'Server': 'nginx/1.16.1', 'Date': 'Thu, 22 Dec 2022 13:59:02 GMT', 'Content-Type': 'application/json; charset=utf-8', 'Content-Length': '231', 'Connection': 'keep-alive', 'access-control-allow-credentials': 'true', 'access-control-allow-origin': '*', 'access-control-expose-headers': 'x-rate-limit-limit,x-rate-limit-remaining,x-rate-limit-reset', 'cache-control': 'max-age=0, private, must-revalidate', 'x-rate-limit-limit': '1000', 'x-rate-limit-remaining': '974', 'x-rate-limit-reset': '36058', 'x-request-id': 'FzMiP1n__OtwLDkJC8_S'} 
 body={"country":[{"country_id":"EG","probability":0.161},{"country_id":"JO","probability":0.106},{"country_id":"TZ","probability":0.075},{"country_id":"TN","probability":0.075},{"country_id":"LB","probability":0.066}],"name":"Abdallah"} 
 </msg>
<msg timestamp="20221222 10:00:07.647" level="INFO">${response} = &lt;Response [200]&gt;</msg>
<status status="PASS" starttime="20221222 10:00:07.446" endtime="20221222 10:00:07.647"></status>
</kw>
<kw name="Log" library="BuiltIn">
<doc>Logs the given message with the given level.</doc>
<arguments>
<arg>${response.json()}</arg>
</arguments>
<msg timestamp="20221222 10:00:07.647" level="INFO">{'country': [{'country_id': 'EG', 'probability': 0.161}, {'country_id': 'JO', 'probability': 0.106}, {'country_id': 'TZ', 'probability': 0.075}, {'country_id': 'TN', 'probability': 0.075}, {'country_id': 'LB', 'probability': 0.066}], 'name': 'Abdallah'}</msg>
<status status="PASS" starttime="20221222 10:00:07.647" endtime="20221222 10:00:07.647"></status>
</kw>
<kw name="Should Be Equal As Strings" library="BuiltIn">
<doc>Fails if objects are unequal after converting them to strings.</doc>
<arguments>
<arg>${response.json()}[name]</arg>
<arg>${name1}</arg>
</arguments>
<status status="PASS" starttime="20221222 10:00:07.647" endtime="20221222 10:00:07.647"></status>
</kw>
<status status="PASS" starttime="20221222 10:00:07.446" endtime="20221222 10:00:07.647" critical="yes"></status>
</test>
<test id="s1-s1-s1-t3" name="Test API with European name">
<kw name="GET" library="RequestsLibrary">
<doc>Sends a GET request.</doc>
<arguments>
<arg>https://api.nationalize.io/</arg>
<arg>params=name=${name3}</arg>
<arg>expected_status=200</arg>
</arguments>
<assign>
<var>${response}</var>
</assign>
<msg timestamp="20221222 10:00:07.847" level="INFO">GET Request : url=https://api.nationalize.io/?name=Olivia 
 path_url=/?name=Olivia 
 headers={'User-Agent': 'python-requests/2.28.1', 'Accept-Encoding': 'gzip, deflate', 'Accept': '*/*', 'Connection': 'keep-alive'} 
 body=None 
 </msg>
<msg timestamp="20221222 10:00:07.847" level="INFO">GET Response : url=https://api.nationalize.io/?name=Olivia 
 status=200, reason=OK 
 headers={'Server': 'nginx/1.16.1', 'Date': 'Thu, 22 Dec 2022 13:59:02 GMT', 'Content-Type': 'application/json; charset=utf-8', 'Content-Length': '228', 'Connection': 'keep-alive', 'access-control-allow-credentials': 'true', 'access-control-allow-origin': '*', 'access-control-expose-headers': 'x-rate-limit-limit,x-rate-limit-remaining,x-rate-limit-reset', 'cache-control': 'max-age=0, private, must-revalidate', 'x-rate-limit-limit': '1000', 'x-rate-limit-remaining': '973', 'x-rate-limit-reset': '36058', 'x-request-id': 'FzMiP2XnI3TjNn4JsYuh'} 
 body={"country":[{"country_id":"NZ","probability":0.053},{"country_id":"IE","probability":0.047},{"country_id":"CI","probability":0.045},{"country_id":"AU","probability":0.043},{"country_id":"GB","probability":0.04}],"name":"Olivia"} 
 </msg>
<msg timestamp="20221222 10:00:07.847" level="INFO">${response} = &lt;Response [200]&gt;</msg>
<status status="PASS" starttime="20221222 10:00:07.647" endtime="20221222 10:00:07.847"></status>
</kw>
<kw name="Log" library="BuiltIn">
<doc>Logs the given message with the given level.</doc>
<arguments>
<arg>${response.json()}</arg>
</arguments>
<msg timestamp="20221222 10:00:07.847" level="INFO">{'country': [{'country_id': 'NZ', 'probability': 0.053}, {'country_id': 'IE', 'probability': 0.047}, {'country_id': 'CI', 'probability': 0.045}, {'country_id': 'AU', 'probability': 0.043}, {'country_id': 'GB', 'probability': 0.04}], 'name': 'Olivia'}</msg>
<status status="PASS" starttime="20221222 10:00:07.847" endtime="20221222 10:00:07.847"></status>
</kw>
<kw name="Should Be Equal As Strings" library="BuiltIn">
<doc>Fails if objects are unequal after converting them to strings.</doc>
<arguments>
<arg>${response.json()}[name]</arg>
<arg>${name3}</arg>
</arguments>
<status status="PASS" starttime="20221222 10:00:07.847" endtime="20221222 10:00:07.847"></status>
</kw>
<status status="PASS" starttime="20221222 10:00:07.647" endtime="20221222 10:00:07.847" critical="yes"></status>
</test>
<status status="PASS" starttime="20221222 10:00:07.172" endtime="20221222 10:00:07.847"></status>
</suite>
<status status="PASS" starttime="20221222 10:00:07.172" endtime="20221222 10:00:07.847"></status>
</suite>
<status status="PASS" starttime="20221222 10:00:07.157" endtime="20221222 10:00:07.847"></status>
</suite>
<statistics>
<total>
<stat pass="3" fail="0">Critical Tests</stat>
<stat pass="3" fail="0">All Tests</stat>
</total>
<tag>
</tag>
<suite>
<stat pass="3" fail="0" id="s1" name="API Test Automation">API Test Automation</stat>
<stat pass="3" fail="0" id="s1-s1" name="First API">API Test Automation.First API</stat>
<stat pass="3" fail="0" id="s1-s1-s1" name="Test Execution">API Test Automation.First API.Test Execution</stat>
</suite>
</statistics>
<errors>
</errors>
</robot>
